<?xml version="1.0" encoding="utf-8"?><testsuites name="pytest tests"><testsuite name="pytest" errors="0" failures="0" skipped="0" tests="12" time="2.046" timestamp="2026-02-01T01:49:59.721931+00:00" hostname="agent-env-7b7ffd2f-483f-49e1-babe-2aef28120fc5"><testcase classname="backend.tests.test_document_enhancements.TestDropboxFolderBrowsing" name="test_list_dropbox_folders_root" time="0.549" /><testcase classname="backend.tests.test_document_enhancements.TestDropboxFolderBrowsing" name="test_search_dropbox_folders" time="0.194" /><testcase classname="backend.tests.test_document_enhancements.TestDocumentApprovalWorkflow" name="test_send_for_approval" time="0.257" /><testcase classname="backend.tests.test_document_enhancements.TestDocumentApprovalWorkflow" name="test_get_approval_details" time="0.187" /><testcase classname="backend.tests.test_document_enhancements.TestDocumentApprovalWorkflow" name="test_approve_document" time="0.339" /><testcase classname="backend.tests.test_document_enhancements.TestDocumentApprovalWorkflow" name="test_get_notifications" time="0.040" /><testcase classname="backend.tests.test_document_enhancements.TestDocumentPreview" name="test_get_document_preview" time="0.187" /><testcase classname="backend.tests.test_document_enhancements.TestStaffInputsWithLabels" name="test_get_staff_inputs_with_labels" time="0.040" /><testcase classname="backend.tests.test_document_enhancements.TestStaffInputsWithLabels" name="test_save_staff_inputs_with_labels" time="0.075" /><testcase classname="backend.tests.test_document_enhancements.TestStaffInputsWithLabels" name="test_confirm_staff_inputs" time="0.041" /><testcase classname="backend.tests.test_document_enhancements.TestMappingModalDefaults" name="test_get_templates_with_variables" time="0.041" /><testcase classname="backend.tests.test_document_enhancements.TestMappingModalDefaults" name="test_get_airtable_fields_for_mapping" time="0.041" /></testsuite></testsuites>