<?xml version="1.0" encoding="utf-8"?><testsuites name="pytest tests"><testsuite name="pytest" errors="0" failures="0" skipped="0" tests="8" time="4.574" timestamp="2026-01-12T18:05:15.386487+00:00" hostname="agent-env-49af2b31-d442-4a66-aabb-8f39974ea135"><testcase classname="tests.test_reviews_webhooks.TestAuthEndpoints" name="test_login_success" time="0.300" /><testcase classname="tests.test_reviews_webhooks.TestReviewWebhookEndpoints" name="test_send_review_request_endpoint_exists" time="0.308" /><testcase classname="tests.test_reviews_webhooks.TestReviewWebhookEndpoints" name="test_send_review_followup_endpoint_exists" time="0.040" /><testcase classname="tests.test_reviews_webhooks.TestReviewWebhookEndpoints" name="test_send_review_request_with_valid_data" time="0.905" /><testcase classname="tests.test_reviews_webhooks.TestReviewWebhookEndpoints" name="test_send_review_followup_with_valid_data" time="0.788" /><testcase classname="tests.test_reviews_webhooks.TestMasterListEndpoints" name="test_get_master_list_record" time="0.784" /><testcase classname="tests.test_reviews_webhooks.TestMasterListEndpoints" name="test_update_master_list_record_valid_field" time="1.023" /><testcase classname="tests.test_reviews_webhooks.TestReviewsPageData" name="test_fetch_completed_matters" time="0.307" /></testsuite></testsuites>