<?xml version="1.0" encoding="utf-8"?><testsuites name="pytest tests"><testsuite name="pytest" errors="0" failures="0" skipped="0" tests="17" time="7.024" timestamp="2026-02-04T19:04:35.947047+00:00" hostname="agent-env-48ddd988-b153-4a11-92fd-c6ac72af499e"><testcase classname="backend.tests.test_document_generation.TestAuth" name="test_login_success" time="0.292" /><testcase classname="backend.tests.test_document_generation.TestAuth" name="test_login_invalid_credentials" time="0.037" /><testcase classname="backend.tests.test_document_generation.TestAirtableClients" name="test_get_cached_matters" time="1.361" /><testcase classname="backend.tests.test_document_generation.TestClientBundle" name="test_get_client_bundle" time="0.598" /><testcase classname="backend.tests.test_document_generation.TestClientBundle" name="test_client_bundle_array_normalization" time="0.239" /><testcase classname="backend.tests.test_document_generation.TestTemplates" name="test_get_templates" time="0.504" /><testcase classname="backend.tests.test_document_generation.TestTemplates" name="test_get_templates_by_case_type_probate" time="0.246" /><testcase classname="backend.tests.test_document_generation.TestTemplates" name="test_get_templates_by_case_type_estate_planning" time="0.035" /><testcase classname="backend.tests.test_document_generation.TestTemplates" name="test_get_constants" time="0.043" /><testcase classname="backend.tests.test_document_generation.TestDocumentGeneration" name="test_get_batch_variables" time="0.793" /><testcase classname="backend.tests.test_document_generation.TestDocumentGeneration" name="test_generate_batch_documents" time="0.413" /><testcase classname="backend.tests.test_document_generation.TestDocumentGeneration" name="test_get_generated_documents" time="0.039" /><testcase classname="backend.tests.test_document_generation.TestDropboxIntegration" name="test_dropbox_list_folders" time="0.590" /><testcase classname="backend.tests.test_document_generation.TestDropboxIntegration" name="test_dropbox_search_folders" time="0.508" /><testcase classname="backend.tests.test_document_generation.TestSlackIntegration" name="test_send_for_approval_validation" time="0.334" /><testcase classname="backend.tests.test_document_generation.TestMappingProfiles" name="test_get_mapping_profiles" time="0.302" /><testcase classname="backend.tests.test_document_generation.TestAirtableFields" name="test_get_airtable_fields" time="0.615" /></testsuite></testsuites>