<?xml version="1.0" encoding="utf-8"?><testsuites name="pytest tests"><testsuite name="pytest" errors="0" failures="2" skipped="4" tests="17" time="5.616" timestamp="2026-02-04T19:04:01.675169+00:00" hostname="agent-env-48ddd988-b153-4a11-92fd-c6ac72af499e"><testcase classname="backend.tests.test_document_generation.TestAuth" name="test_login_success" time="0.282" /><testcase classname="backend.tests.test_document_generation.TestAuth" name="test_login_invalid_credentials" time="0.042" /><testcase classname="backend.tests.test_document_generation.TestAirtableClients" name="test_get_cached_matters" time="1.426"><failure message="AssertionError: assert 'records' in {'cached_at': '2026-02-04T19:04:03.426407+00:00', 'matters': [{'client': 'Deandra Johnson', 'email': 'johnsondeandra16@yahoo.com', 'fields': {'Active/Inactive': 'Archived', 'Calculation 2': '2026-02-18', 'Case Notes': 'Test file attachment note added via API', 'Client': 'Deandra Johnson', ...}, 'id': 'rec04FJtHmZLFLROL', ...}, {'client': 'Linda Wong', 'email': 'lindyloutwa@yahoo.com', 'fields': {'Active/Inactive': 'Active', 'Address Line 1': '123 Ridge Lane', 'Address Line 2': 'Apt 1', 'Affidavit of Heirship': 'Done', ...}, 'id': 'rec0CkT1DyRCxkOak', ...}, {'client': 'Andrea Senecal', 'email': 'andrea.senecal@yahoo.com', 'fields': {'Active/Inactive': 'Active', 'Affidavit of Heirship': 'Done', 'Amount Paid': 7875, 'Asset Search Started': 'Done', ...}, 'id': 'rec0D7Fh7aN3VOXRK', ...}, {'client': 'Adrian Stuckey', 'email': 'adrianstuckey@rocketmail.com', 'fields': {'Active/Inactive': 'Archived', 'Calculation 2': '2026-02-18', 'Client': 'Adrian Stuckey', 'Consult Date End Time': '2025-09-22T05:30:00.000Z', ...}, 'id': 'rec0MeBYjaVbb4roD', ...}, {'client': 'David Glinberg', 'email': 'mary@illinoisestatelaw.com', 'fields': {'Active/Inactive': 'Completed', 'Amount Paid': 1451, 'Calculation 2': '2026-02-18', 'Client': 'David Glinberg', ...}, 'id': 'rec1ArlRauFjzu3hN', ...}, {'client': 'Kristian Lum', 'email': 'kristianlum@gmail.com', 'fields': {'Active/Inactive': 'Inactive', 'Calculation 2': '2026-02-18', 'Case Notes': 'Followed up on 3/17/25', 'Client': 'Kristian Lum', ...}, 'id': 'rec1fr1XHjsXCpMRH', ...}, ...], 'total': 368}">backend/tests/test_document_generation.py:74: in test_get_cached_matters
    assert "records" in data
E   AssertionError: assert 'records' in {'cached_at': '2026-02-04T19:04:03.426407+00:00', 'matters': [{'client': 'Deandra Johnson', 'email': 'johnsondeandra16@yahoo.com', 'fields': {'Active/Inactive': 'Archived', 'Calculation 2': '2026-02-18', 'Case Notes': 'Test file attachment note added via API', 'Client': 'Deandra Johnson', ...}, 'id': 'rec04FJtHmZLFLROL', ...}, {'client': 'Linda Wong', 'email': 'lindyloutwa@yahoo.com', 'fields': {'Active/Inactive': 'Active', 'Address Line 1': '123 Ridge Lane', 'Address Line 2': 'Apt 1', 'Affidavit of Heirship': 'Done', ...}, 'id': 'rec0CkT1DyRCxkOak', ...}, {'client': 'Andrea Senecal', 'email': 'andrea.senecal@yahoo.com', 'fields': {'Active/Inactive': 'Active', 'Affidavit of Heirship': 'Done', 'Amount Paid': 7875, 'Asset Search Started': 'Done', ...}, 'id': 'rec0D7Fh7aN3VOXRK', ...}, {'client': 'Adrian Stuckey', 'email': 'adrianstuckey@rocketmail.com', 'fields': {'Active/Inactive': 'Archived', 'Calculation 2': '2026-02-18', 'Client': 'Adrian Stuckey', 'Consult Date End Time': '2025-09-22T05:30:00.000Z', ...}, 'id': 'rec0MeBYjaVbb4roD', ...}, {'client': 'David Glinberg', 'email': 'mary@illinoisestatelaw.com', 'fields': {'Active/Inactive': 'Completed', 'Amount Paid': 1451, 'Calculation 2': '2026-02-18', 'Client': 'David Glinberg', ...}, 'id': 'rec1ArlRauFjzu3hN', ...}, {'client': 'Kristian Lum', 'email': 'kristianlum@gmail.com', 'fields': {'Active/Inactive': 'Inactive', 'Calculation 2': '2026-02-18', 'Case Notes': 'Followed up on 3/17/25', 'Client': 'Kristian Lum', ...}, 'id': 'rec1fr1XHjsXCpMRH', ...}, ...], 'total': 368}</failure></testcase><testcase classname="backend.tests.test_document_generation.TestClientBundle" name="test_get_client_bundle" time="0.351"><skipped type="pytest.skip" message="No clients available for testing">/app/backend/tests/test_document_generation.py:113: No clients available for testing</skipped></testcase><testcase classname="backend.tests.test_document_generation.TestClientBundle" name="test_client_bundle_array_normalization" time="0.000"><skipped type="pytest.skip" message="No clients available for testing">/app/backend/tests/test_document_generation.py:145: No clients available for testing</skipped></testcase><testcase classname="backend.tests.test_document_generation.TestTemplates" name="test_get_templates" time="0.396" /><testcase classname="backend.tests.test_document_generation.TestTemplates" name="test_get_templates_by_case_type_probate" time="0.259" /><testcase classname="backend.tests.test_document_generation.TestTemplates" name="test_get_templates_by_case_type_estate_planning" time="0.036" /><testcase classname="backend.tests.test_document_generation.TestTemplates" name="test_get_constants" time="0.040" /><testcase classname="backend.tests.test_document_generation.TestDocumentGeneration" name="test_get_batch_variables" time="0.347"><skipped type="pytest.skip" message="No clients available for testing">/app/backend/tests/test_document_generation.py:267: No clients available for testing</skipped></testcase><testcase classname="backend.tests.test_document_generation.TestDocumentGeneration" name="test_generate_batch_documents" time="0.000"><skipped type="pytest.skip" message="No clients available for testing">/app/backend/tests/test_document_generation.py:286: No clients available for testing</skipped></testcase><testcase classname="backend.tests.test_document_generation.TestDocumentGeneration" name="test_get_generated_documents" time="0.036" /><testcase classname="backend.tests.test_document_generation.TestDropboxIntegration" name="test_dropbox_list_folders" time="0.520" /><testcase classname="backend.tests.test_document_generation.TestDropboxIntegration" name="test_dropbox_search_folders" time="0.612" /><testcase classname="backend.tests.test_document_generation.TestSlackIntegration" name="test_send_for_approval_validation" time="0.295" /><testcase classname="backend.tests.test_document_generation.TestMappingProfiles" name="test_get_mapping_profiles" time="0.297" /><testcase classname="backend.tests.test_document_generation.TestAirtableFields" name="test_get_airtable_fields" time="0.584"><failure message="AssertionError: assert 'fields' in {'airtable_tables': {'Assets &amp; Debts': ['Asset/Debt Name', 'Type', 'Value', 'Description', 'Account Number', 'Asset or Debt'], 'Case Contacts': ['Name', 'Type', 'Email', 'Phone', 'Street Address', 'City', ...], 'Dates &amp; Deadlines': ['Event', 'Date', 'Notes'], 'Judge Information': ['Judge Name', 'Email', 'Courtroom', 'Courthouse'], ...}, 'bundle_keys': ['active/inactive', 'address_line_1', 'address_line_2', 'affidavit_of_heirship', 'amount_paid', 'asset_or_debt_(from_assets_&amp;_debts)', ...], 'list_fields': ['executors', 'guardians', 'caretakers', 'trustees', 'beneficiaries', 'hpoa', ...], 'master_list_fields': ['Active/Inactive', 'Address Line 1', 'Address Line 2', 'Affidavit of Heirship', 'Amount Paid', 'Asset Search Portal', ...]}">backend/tests/test_document_generation.py:453: in test_get_airtable_fields
    assert "fields" in data
E   AssertionError: assert 'fields' in {'airtable_tables': {'Assets &amp; Debts': ['Asset/Debt Name', 'Type', 'Value', 'Description', 'Account Number', 'Asset or Debt'], 'Case Contacts': ['Name', 'Type', 'Email', 'Phone', 'Street Address', 'City', ...], 'Dates &amp; Deadlines': ['Event', 'Date', 'Notes'], 'Judge Information': ['Judge Name', 'Email', 'Courtroom', 'Courthouse'], ...}, 'bundle_keys': ['active/inactive', 'address_line_1', 'address_line_2', 'affidavit_of_heirship', 'amount_paid', 'asset_or_debt_(from_assets_&amp;_debts)', ...], 'list_fields': ['executors', 'guardians', 'caretakers', 'trustees', 'beneficiaries', 'hpoa', ...], 'master_list_fields': ['Active/Inactive', 'Address Line 1', 'Address Line 2', 'Affidavit of Heirship', 'Amount Paid', 'Asset Search Portal', ...]}</failure></testcase></testsuite></testsuites>