<?xml version="1.0" encoding="utf-8"?><testsuites name="pytest tests"><testsuite name="pytest" errors="15" failures="1" skipped="0" tests="17" time="2.579" timestamp="2026-02-04T19:03:38.594978+00:00" hostname="agent-env-48ddd988-b153-4a11-92fd-c6ac72af499e"><testcase classname="backend.tests.test_document_generation.TestAuth" name="test_login_success" time="0.304"><failure message="AssertionError: assert 'token' in {'access_token': 'eyJhbGciOiJIUzI1NiIsInR5cCI6IkpXVCJ9.eyJzdWIiOiJmY2IyZThlMy00ZDY0LTQ1NGUtYWZlNC1mNzE2MGIyMGNjYTYiLCJlbWFpbCI6ImNvbnRhY3RAaWxsaW5vaXNlc3RhdGVsYXcuY29tIiwiZXhwIjoxNzcwODM2NjE4fQ.VPER22rSaf2P9G1avvzUsZ6Nnfk1xDxJIRXojIn4EaI', 'token_type': 'bearer', 'user': {'created_at': '2026-01-06T16:08:05.658321Z', 'email': 'contact@illinoisestatelaw.com', 'id': 'fcb2e8e3-4d64-454e-afe4-f7160b20cca6', 'name': 'Mary Liberty'}}">backend/tests/test_document_generation.py:40: in test_login_success
    assert "token" in data
E   AssertionError: assert 'token' in {'access_token': 'eyJhbGciOiJIUzI1NiIsInR5cCI6IkpXVCJ9.eyJzdWIiOiJmY2IyZThlMy00ZDY0LTQ1NGUtYWZlNC1mNzE2MGIyMGNjYTYiLCJlbWFpbCI6ImNvbnRhY3RAaWxsaW5vaXNlc3RhdGVsYXcuY29tIiwiZXhwIjoxNzcwODM2NjE4fQ.VPER22rSaf2P9G1avvzUsZ6Nnfk1xDxJIRXojIn4EaI', 'token_type': 'bearer', 'user': {'created_at': '2026-01-06T16:08:05.658321Z', 'email': 'contact@illinoisestatelaw.com', 'id': 'fcb2e8e3-4d64-454e-afe4-f7160b20cca6', 'name': 'Mary Liberty'}}</failure></testcase><testcase classname="backend.tests.test_document_generation.TestAuth" name="test_login_invalid_credentials" time="0.039" /><testcase classname="backend.tests.test_document_generation.TestAirtableClients" name="test_get_cached_matters" time="0.260"><error message="failed on setup with &quot;KeyError: 'token'&quot;">backend/tests/test_document_generation.py:63: in auth_headers
    token = response.json()["token"]
            ^^^^^^^^^^^^^^^^^^^^^^^^
E   KeyError: 'token'</error></testcase><testcase classname="backend.tests.test_document_generation.TestClientBundle" name="test_get_client_bundle" time="0.264"><error message="failed on setup with &quot;KeyError: 'token'&quot;">backend/tests/test_document_generation.py:98: in auth_headers
    token = response.json()["token"]
            ^^^^^^^^^^^^^^^^^^^^^^^^
E   KeyError: 'token'</error></testcase><testcase classname="backend.tests.test_document_generation.TestClientBundle" name="test_client_bundle_array_normalization" time="0.000"><error message="failed on setup with &quot;KeyError: 'token'&quot;">backend/tests/test_document_generation.py:98: in auth_headers
    token = response.json()["token"]
            ^^^^^^^^^^^^^^^^^^^^^^^^
E   KeyError: 'token'</error></testcase><testcase classname="backend.tests.test_document_generation.TestTemplates" name="test_get_templates" time="0.259"><error message="failed on setup with &quot;KeyError: 'token'&quot;">backend/tests/test_document_generation.py:175: in auth_headers
    token = response.json()["token"]
            ^^^^^^^^^^^^^^^^^^^^^^^^
E   KeyError: 'token'</error></testcase><testcase classname="backend.tests.test_document_generation.TestTemplates" name="test_get_templates_by_case_type_probate" time="0.000"><error message="failed on setup with &quot;KeyError: 'token'&quot;">backend/tests/test_document_generation.py:175: in auth_headers
    token = response.json()["token"]
            ^^^^^^^^^^^^^^^^^^^^^^^^
E   KeyError: 'token'</error></testcase><testcase classname="backend.tests.test_document_generation.TestTemplates" name="test_get_templates_by_case_type_estate_planning" time="0.000"><error message="failed on setup with &quot;KeyError: 'token'&quot;">backend/tests/test_document_generation.py:175: in auth_headers
    token = response.json()["token"]
            ^^^^^^^^^^^^^^^^^^^^^^^^
E   KeyError: 'token'</error></testcase><testcase classname="backend.tests.test_document_generation.TestTemplates" name="test_get_constants" time="0.000"><error message="failed on setup with &quot;KeyError: 'token'&quot;">backend/tests/test_document_generation.py:175: in auth_headers
    token = response.json()["token"]
            ^^^^^^^^^^^^^^^^^^^^^^^^
E   KeyError: 'token'</error></testcase><testcase classname="backend.tests.test_document_generation.TestDocumentGeneration" name="test_get_batch_variables" time="0.257"><error message="failed on setup with &quot;KeyError: 'token'&quot;">backend/tests/test_document_generation.py:240: in auth_headers
    token = response.json()["token"]
            ^^^^^^^^^^^^^^^^^^^^^^^^
E   KeyError: 'token'</error></testcase><testcase classname="backend.tests.test_document_generation.TestDocumentGeneration" name="test_generate_batch_documents" time="0.000"><error message="failed on setup with &quot;KeyError: 'token'&quot;">backend/tests/test_document_generation.py:240: in auth_headers
    token = response.json()["token"]
            ^^^^^^^^^^^^^^^^^^^^^^^^
E   KeyError: 'token'</error></testcase><testcase classname="backend.tests.test_document_generation.TestDocumentGeneration" name="test_get_generated_documents" time="0.000"><error message="failed on setup with &quot;KeyError: 'token'&quot;">backend/tests/test_document_generation.py:240: in auth_headers
    token = response.json()["token"]
            ^^^^^^^^^^^^^^^^^^^^^^^^
E   KeyError: 'token'</error></testcase><testcase classname="backend.tests.test_document_generation.TestDropboxIntegration" name="test_dropbox_list_folders" time="0.260"><error message="failed on setup with &quot;KeyError: 'token'&quot;">backend/tests/test_document_generation.py:334: in auth_headers
    token = response.json()["token"]
            ^^^^^^^^^^^^^^^^^^^^^^^^
E   KeyError: 'token'</error></testcase><testcase classname="backend.tests.test_document_generation.TestDropboxIntegration" name="test_dropbox_search_folders" time="0.000"><error message="failed on setup with &quot;KeyError: 'token'&quot;">backend/tests/test_document_generation.py:334: in auth_headers
    token = response.json()["token"]
            ^^^^^^^^^^^^^^^^^^^^^^^^
E   KeyError: 'token'</error></testcase><testcase classname="backend.tests.test_document_generation.TestSlackIntegration" name="test_send_for_approval_validation" time="0.257"><error message="failed on setup with &quot;KeyError: 'token'&quot;">backend/tests/test_document_generation.py:387: in auth_headers
    token = response.json()["token"]
            ^^^^^^^^^^^^^^^^^^^^^^^^
E   KeyError: 'token'</error></testcase><testcase classname="backend.tests.test_document_generation.TestMappingProfiles" name="test_get_mapping_profiles" time="0.259"><error message="failed on setup with &quot;KeyError: 'token'&quot;">backend/tests/test_document_generation.py:417: in auth_headers
    token = response.json()["token"]
            ^^^^^^^^^^^^^^^^^^^^^^^^
E   KeyError: 'token'</error></testcase><testcase classname="backend.tests.test_document_generation.TestAirtableFields" name="test_get_airtable_fields" time="0.255"><error message="failed on setup with &quot;KeyError: 'token'&quot;">backend/tests/test_document_generation.py:442: in auth_headers
    token = response.json()["token"]
            ^^^^^^^^^^^^^^^^^^^^^^^^
E   KeyError: 'token'</error></testcase></testsuite></testsuites>