<?xml version="1.0" encoding="utf-8"?><testsuites name="pytest tests"><testsuite name="pytest" errors="0" failures="0" skipped="0" tests="10" time="25.089" timestamp="2026-01-15T16:22:06.710564+00:00" hostname="agent-env-2a9c8522-ad33-44a4-80eb-9be94ced9669"><testcase classname="tests.test_assets_debts_edit.TestAssetsDebtsEdit" name="test_login_success" time="0.302" /><testcase classname="tests.test_assets_debts_edit.TestAssetsDebtsEdit" name="test_get_assets_debts_endpoint" time="2.705" /><testcase classname="tests.test_assets_debts_edit.TestAssetsDebtsEdit" name="test_get_probate_cases" time="1.301" /><testcase classname="tests.test_assets_debts_edit.TestAssetsDebtsEdit" name="test_get_assets_debts_by_case" time="3.587" /><testcase classname="tests.test_assets_debts_edit.TestAssetsDebtsEdit" name="test_patch_assets_debts_endpoint_exists" time="2.646" /><testcase classname="tests.test_assets_debts_edit.TestAssetsDebtsEdit" name="test_patch_assets_debts_update_notes" time="3.101" /><testcase classname="tests.test_assets_debts_edit.TestAssetsDebtsEdit" name="test_patch_assets_debts_update_status" time="3.093" /><testcase classname="tests.test_assets_debts_edit.TestAssetsDebtsEdit" name="test_patch_assets_debts_update_value" time="2.922" /><testcase classname="tests.test_assets_debts_edit.TestAssetsDebtsEdit" name="test_patch_assets_debts_full_update" time="2.861" /><testcase classname="tests.test_assets_debts_edit.TestAssetsDebtsSorting" name="test_assets_debts_sorting_logic" time="2.515" /></testsuite></testsuites>