<?xml version="1.0" encoding="utf-8"?><testsuites name="pytest tests"><testsuite name="pytest" errors="0" failures="0" skipped="0" tests="10" time="25.698" timestamp="2026-01-14T22:57:11.280751+00:00" hostname="agent-env-2a9c8522-ad33-44a4-80eb-9be94ced9669"><testcase classname="tests.test_assets_debts_edit.TestAssetsDebtsEdit" name="test_login_success" time="0.298" /><testcase classname="tests.test_assets_debts_edit.TestAssetsDebtsEdit" name="test_get_assets_debts_endpoint" time="2.751" /><testcase classname="tests.test_assets_debts_edit.TestAssetsDebtsEdit" name="test_get_probate_cases" time="1.432" /><testcase classname="tests.test_assets_debts_edit.TestAssetsDebtsEdit" name="test_get_assets_debts_by_case" time="3.721" /><testcase classname="tests.test_assets_debts_edit.TestAssetsDebtsEdit" name="test_patch_assets_debts_endpoint_exists" time="2.628" /><testcase classname="tests.test_assets_debts_edit.TestAssetsDebtsEdit" name="test_patch_assets_debts_update_notes" time="3.064" /><testcase classname="tests.test_assets_debts_edit.TestAssetsDebtsEdit" name="test_patch_assets_debts_update_status" time="3.186" /><testcase classname="tests.test_assets_debts_edit.TestAssetsDebtsEdit" name="test_patch_assets_debts_update_value" time="3.123" /><testcase classname="tests.test_assets_debts_edit.TestAssetsDebtsEdit" name="test_patch_assets_debts_full_update" time="2.849" /><testcase classname="tests.test_assets_debts_edit.TestAssetsDebtsSorting" name="test_assets_debts_sorting_logic" time="2.591" /></testsuite></testsuites>