<?xml version="1.0" encoding="utf-8"?><testsuites name="pytest tests"><testsuite name="pytest" errors="0" failures="0" skipped="0" tests="9" time="31.947" timestamp="2026-02-01T00:31:28.555016+00:00" hostname="agent-env-7b7ffd2f-483f-49e1-babe-2aef28120fc5"><testcase classname="backend.tests.test_documents_batch.TestDocumentsBatch" name="test_get_templates" time="0.371" /><testcase classname="backend.tests.test_documents_batch.TestDocumentsBatch" name="test_get_batch_variables_empty" time="0.307" /><testcase classname="backend.tests.test_documents_batch.TestDocumentsBatch" name="test_generate_batch_no_client_id" time="15.559" /><testcase classname="backend.tests.test_documents_batch.TestDocumentsBatch" name="test_generate_batch_empty_templates" time="0.310" /><testcase classname="backend.tests.test_documents_batch.TestDocumentsBatch" name="test_get_batch_variables_with_real_data" time="7.980" /><testcase classname="backend.tests.test_documents_batch.TestDocumentsBatch" name="test_generate_batch_with_real_data" time="6.403" /><testcase classname="backend.tests.test_documents_batch.TestDocumentsTemplates" name="test_get_constants" time="0.342" /><testcase classname="backend.tests.test_documents_batch.TestDocumentsTemplates" name="test_get_airtable_fields" time="0.300" /><testcase classname="backend.tests.test_documents_batch.TestDocumentsTemplates" name="test_get_generated_documents" time="0.310" /></testsuite></testsuites>