<?xml version="1.0" encoding="utf-8"?><testsuites name="pytest tests"><testsuite name="pytest" errors="0" failures="3" skipped="0" tests="12" time="3.097" timestamp="2026-02-01T01:46:24.288060+00:00" hostname="agent-env-7b7ffd2f-483f-49e1-babe-2aef28120fc5"><testcase classname="backend.tests.test_document_enhancements.TestDropboxFolderBrowsing" name="test_list_dropbox_folders_root" time="0.522"><failure message="AssertionError: Unexpected status: 520&#10;assert 520 in [200, 500]&#10; +  where 520 = &lt;Response [520]&gt;.status_code">backend/tests/test_document_enhancements.py:63: in test_list_dropbox_folders_root
    assert response.status_code in [200, 500], f"Unexpected status: {response.status_code}"
E   AssertionError: Unexpected status: 520
E   assert 520 in [200, 500]
E    +  where 520 = &lt;Response [520]&gt;.status_code</failure></testcase><testcase classname="backend.tests.test_document_enhancements.TestDropboxFolderBrowsing" name="test_search_dropbox_folders" time="0.144"><failure message="AssertionError: Unexpected status: 520&#10;assert 520 in [200, 500]&#10; +  where 520 = &lt;Response [520]&gt;.status_code">backend/tests/test_document_enhancements.py:83: in test_search_dropbox_folders
    assert response.status_code in [200, 500], f"Unexpected status: {response.status_code}"
E   AssertionError: Unexpected status: 520
E   assert 520 in [200, 500]
E    +  where 520 = &lt;Response [520]&gt;.status_code</failure></testcase><testcase classname="backend.tests.test_document_enhancements.TestDocumentApprovalWorkflow" name="test_send_for_approval" time="1.241" /><testcase classname="backend.tests.test_document_enhancements.TestDocumentApprovalWorkflow" name="test_get_approval_details" time="0.188" /><testcase classname="backend.tests.test_document_enhancements.TestDocumentApprovalWorkflow" name="test_approve_document" time="0.354" /><testcase classname="backend.tests.test_document_enhancements.TestDocumentApprovalWorkflow" name="test_get_notifications" time="0.044" /><testcase classname="backend.tests.test_document_enhancements.TestDocumentPreview" name="test_get_document_preview" time="0.225" /><testcase classname="backend.tests.test_document_enhancements.TestStaffInputsWithLabels" name="test_get_staff_inputs_with_labels" time="0.038"><failure message="AssertionError: Response should contain 'labels'&#10;assert 'labels' in {'client_id': 'rec04FJtHmZLFLROL', 'inputs': {}, 'labeled_inputs': [], 'requires_confirmation': False}">backend/tests/test_document_enhancements.py:274: in test_get_staff_inputs_with_labels
    assert "labels" in data, "Response should contain 'labels'"
E   AssertionError: Response should contain 'labels'
E   assert 'labels' in {'client_id': 'rec04FJtHmZLFLROL', 'inputs': {}, 'labeled_inputs': [], 'requires_confirmation': False}</failure></testcase><testcase classname="backend.tests.test_document_enhancements.TestStaffInputsWithLabels" name="test_save_staff_inputs_with_labels" time="0.104" /><testcase classname="backend.tests.test_document_enhancements.TestStaffInputsWithLabels" name="test_confirm_staff_inputs" time="0.055" /><testcase classname="backend.tests.test_document_enhancements.TestMappingModalDefaults" name="test_get_templates_with_variables" time="0.036" /><testcase classname="backend.tests.test_document_enhancements.TestMappingModalDefaults" name="test_get_airtable_fields_for_mapping" time="0.040" /></testsuite></testsuites>